0 info it worked if it ends with ok
1 verbose cli [ 'c:\\Program Files\\nodejs\\node.exe',
1 verbose cli   'c:\\Program Files\\nodejs\\node_modules\\npm\\bin\\npm-cli.js',
1 verbose cli   'install',
1 verbose cli   '-g',
1 verbose cli   'typescript' ]
2 info using npm@3.7.3
3 info using node@v5.9.1
4 silly loadCurrentTree Starting
5 silly install loadCurrentTree
6 silly install readGlobalPackageData
7 silly fetchPackageMetaData typescript
8 silly fetchNamedPackageData typescript
9 silly mapToRegistry name typescript
10 silly mapToRegistry using default registry
11 silly mapToRegistry registry https://registry.npmjs.org/
12 silly mapToRegistry uri https://registry.npmjs.org/typescript
13 verbose request uri https://registry.npmjs.org/typescript
14 verbose request no auth needed
15 info attempt registry request try #1 at 14:07:34
16 verbose request id 5b4a16b18563928d
17 http request GET https://registry.npmjs.org/typescript
18 http 200 https://registry.npmjs.org/typescript
19 verbose headers { server: 'CouchDB/1.6.1 (Erlang OTP/R16B03)',
19 verbose headers   etag: '"C2FO0J4J6N0J8WP64UBC6TODC"',
19 verbose headers   'content-type': 'application/json',
19 verbose headers   'content-encoding': 'gzip',
19 verbose headers   'cache-control': 'max-age=300',
19 verbose headers   'content-length': '71226',
19 verbose headers   'accept-ranges': 'bytes',
19 verbose headers   date: 'Thu, 29 Sep 2016 06:07:42 GMT',
19 verbose headers   via: '1.1 varnish',
19 verbose headers   age: '175',
19 verbose headers   connection: 'keep-alive',
19 verbose headers   'x-served-by': 'cache-lcy1121-LCY',
19 verbose headers   'x-cache': 'HIT',
19 verbose headers   'x-cache-hits': '5',
19 verbose headers   'x-timer': 'S1475129262.577701,VS0,VE0',
19 verbose headers   vary: 'Accept-Encoding' }
20 silly get cb [ 200,
20 silly get   { server: 'CouchDB/1.6.1 (Erlang OTP/R16B03)',
20 silly get     etag: '"C2FO0J4J6N0J8WP64UBC6TODC"',
20 silly get     'content-type': 'application/json',
20 silly get     'content-encoding': 'gzip',
20 silly get     'cache-control': 'max-age=300',
20 silly get     'content-length': '71226',
20 silly get     'accept-ranges': 'bytes',
20 silly get     date: 'Thu, 29 Sep 2016 06:07:42 GMT',
20 silly get     via: '1.1 varnish',
20 silly get     age: '175',
20 silly get     connection: 'keep-alive',
20 silly get     'x-served-by': 'cache-lcy1121-LCY',
20 silly get     'x-cache': 'HIT',
20 silly get     'x-cache-hits': '5',
20 silly get     'x-timer': 'S1475129262.577701,VS0,VE0',
20 silly get     vary: 'Accept-Encoding' } ]
21 verbose get saving typescript to C:\Users\yongjin\AppData\Roaming\npm-cache\registry.npmjs.org\typescript\.cache.json
22 verbose correctMkdir C:\Users\yongjin\AppData\Roaming\npm-cache correctMkdir not in flight; initializing
23 silly install normalizeTree
24 silly loadCurrentTree Finishing
25 silly loadIdealTree Starting
26 silly install loadIdealTree
27 silly cloneCurrentTree Starting
28 silly install cloneCurrentTreeToIdealTree
29 silly cloneCurrentTree Finishing
30 silly loadShrinkwrap Starting
31 silly install loadShrinkwrap
32 silly loadShrinkwrap Finishing
33 silly loadAllDepsIntoIdealTree Starting
34 silly install loadAllDepsIntoIdealTree
35 silly resolveWithNewModule typescript@2.0.3 checking installable status
36 silly cache add args [ 'typescript', null ]
37 verbose cache add spec typescript
38 silly cache add parsed spec Result {
38 silly cache add   raw: 'typescript',
38 silly cache add   scope: null,
38 silly cache add   name: 'typescript',
38 silly cache add   rawSpec: '',
38 silly cache add   spec: 'latest',
38 silly cache add   type: 'tag' }
39 silly addNamed typescript@latest
40 verbose addNamed "latest" is being treated as a dist-tag for typescript
41 info addNameTag [ 'typescript', 'latest' ]
42 silly mapToRegistry name typescript
43 silly mapToRegistry using default registry
44 silly mapToRegistry registry https://registry.npmjs.org/
45 silly mapToRegistry uri https://registry.npmjs.org/typescript
46 verbose addNameTag registry:https://registry.npmjs.org/typescript not in flight; fetching
47 verbose get https://registry.npmjs.org/typescript not expired, no request
48 silly addNameTag next cb for typescript with tag latest
49 silly addNamed typescript@2.0.3
50 verbose addNamed "2.0.3" is a plain semver version for typescript
51 silly mapToRegistry name typescript
52 silly mapToRegistry using default registry
53 silly mapToRegistry registry https://registry.npmjs.org/
54 silly mapToRegistry uri https://registry.npmjs.org/typescript
55 verbose addRemoteTarball https://registry.npmjs.org/typescript/-/typescript-2.0.3.tgz not in flight; adding
56 verbose addRemoteTarball [ 'https://registry.npmjs.org/typescript/-/typescript-2.0.3.tgz',
56 verbose addRemoteTarball   '33dec9eae86b8eee327dd419ca050c853cabd514' ]
57 info retry fetch attempt 1 at 14:11:19
58 info attempt registry request try #1 at 14:11:19
59 http fetch GET https://registry.npmjs.org/typescript/-/typescript-2.0.3.tgz
60 http fetch 200 https://registry.npmjs.org/typescript/-/typescript-2.0.3.tgz
61 info retry will retry, error on last attempt: Error: read ECONNRESET
62 info retry will retry, error on last attempt: Error: read ECONNRESET
63 silly fetchAndShaCheck shasum 33dec9eae86b8eee327dd419ca050c853cabd514
64 silly rollbackFailedOptional Starting
65 silly rollbackFailedOptional Finishing
66 silly runTopLevelLifecycles Starting
67 silly runTopLevelLifecycles Finishing
68 silly install printInstalled
69 verbose stack Error: shasum check failed for C:\Users\yongjin\AppData\Local\Temp\npm-21284-dfb06055\registry.npmjs.org\typescript\-\typescript-2.0.3.tgz
69 verbose stack Expected: 33dec9eae86b8eee327dd419ca050c853cabd514
69 verbose stack Actual:   cca2b4101100545de5de18fb248f546f91d83b45
69 verbose stack From:     https://registry.npmjs.org/typescript/-/typescript-2.0.3.tgz
69 verbose stack     at c:\Program Files\nodejs\node_modules\npm\node_modules\sha\index.js:25:8
69 verbose stack     at ReadStream.<anonymous> (c:\Program Files\nodejs\node_modules\npm\node_modules\sha\index.js:72:7)
69 verbose stack     at emitNone (events.js:85:20)
69 verbose stack     at ReadStream.emit (events.js:179:7)
69 verbose stack     at endReadableNT (_stream_readable.js:913:12)
69 verbose stack     at _combinedTickCallback (node.js:383:13)
69 verbose stack     at process._tickCallback (node.js:407:11)
70 verbose cwd c:\software\WorkProjects\blog
71 error Windows_NT 10.0.10586
72 error argv "c:\\Program Files\\nodejs\\node.exe" "c:\\Program Files\\nodejs\\node_modules\\npm\\bin\\npm-cli.js" "install" "-g" "typescript"
73 error node v5.9.1
74 error npm  v3.7.3
75 error shasum check failed for C:\Users\yongjin\AppData\Local\Temp\npm-21284-dfb06055\registry.npmjs.org\typescript\-\typescript-2.0.3.tgz
75 error Expected: 33dec9eae86b8eee327dd419ca050c853cabd514
75 error Actual:   cca2b4101100545de5de18fb248f546f91d83b45
75 error From:     https://registry.npmjs.org/typescript/-/typescript-2.0.3.tgz
76 error If you need help, you may report this error at:
76 error     <https://github.com/npm/npm/issues>
77 verbose exit [ 1, true ]
